❯ Building...
✔ Building...
Application bundle generation failed. [5.228 seconds] - 2025-09-24T08:48:49.542Z

▲ [WARNING] NG8107: The left side of this optional chain operation does not include 'null' or 'undefined' in its type, therefore the '?.' operator can be replaced with the '.' operator. [plugin angular-compiler]

    projects/fibo-ui/components/src/lib/datepicker/date-range-picker.html:8:24:
      8 │       [value]="value()?.startDate"
        ╵                         ~~~~~~~~~

  Warning occurs in the template of component DateRangePicker.

    projects/fibo-ui/components/src/lib/datepicker/date-range-picker.ts:61:15:
      61 │   templateUrl: './date-range-picker.html',
         ╵                ~~~~~~~~~~~~~~~~~~~~~~~~~~


▲ [WARNING] NG8107: The left side of this optional chain operation does not include 'null' or 'undefined' in its type, therefore the '?.' operator can be replaced with the '.' operator. [plugin angular-compiler]

    projects/fibo-ui/components/src/lib/datepicker/date-range-picker.html:15:24:
      15 │       [value]="value()?.endDate"
         ╵                         ~~~~~~~

  Warning occurs in the template of component DateRangePicker.

    projects/fibo-ui/components/src/lib/datepicker/date-range-picker.ts:61:15:
      61 │   templateUrl: './date-range-picker.html',
         ╵                ~~~~~~~~~~~~~~~~~~~~~~~~~~


▲ [WARNING] NG8113: FormFieldPopoverTrigger is not used within the template of DateRangePicker [plugin angular-compiler]

    projects/fibo-ui/components/src/lib/datepicker/date-range-picker.ts:48:4:
      48 │     FormFieldPopoverTrigger,
         ╵     ~~~~~~~~~~~~~~~~~~~~~~~


▲ [WARNING] NG8113: ResetControl is not used within the template of DateRangePicker [plugin angular-compiler]

    projects/fibo-ui/components/src/lib/datepicker/date-range-picker.ts:50:4:
      50 │     ResetControl,
         ╵     ~~~~~~~~~~~~


▲ [WARNING] NG8107: The left side of this optional chain operation does not include 'null' or 'undefined' in its type, therefore the '?.' operator can be replaced with the '.' operator. [plugin angular-compiler]

    projects/fibo-ui/components/src/lib/form/form-field/form-field.html:6:34:
      6 │ @let hasFixedLabel = !!control()?.fixedLabel();
        ╵                                   ~~~~~~~~~~

  Warning occurs in the template of component FormField.

    projects/fibo-ui/components/src/lib/form/form-field/form-field.ts:18:15:
      18 │   templateUrl: './form-field.html',
         ╵                ~~~~~~~~~~~~~~~~~~~


▲ [WARNING] NG8107: The left side of this optional chain operation does not include 'null' or 'undefined' in its type, therefore the '?.' operator can be replaced with the '.' operator. [plugin angular-compiler]

    projects/fibo-ui/components/src/lib/form/form-field/form-field.html:44:47:
      44 │       (click)="formFieldControl.cva.ngControl?.reset()"
         ╵                                                ~~~~~

  Warning occurs in the template of component FormField.

    projects/fibo-ui/components/src/lib/form/form-field/form-field.ts:18:15:
      18 │   templateUrl: './form-field.html',
         ╵                ~~~~~~~~~~~~~~~~~~~


▲ [WARNING] NG8113: FirstFormErrorPipe is not used within the template of FormField [plugin angular-compiler]

    projects/fibo-ui/components/src/lib/form/form-field/form-field.ts:15:4:
      15 │     FirstFormErrorPipe,
         ╵     ~~~~~~~~~~~~~~~~~~


▲ [WARNING] NG8113: AsyncPipe is not used within the template of FormActionsComponent [plugin angular-compiler]

    src/app/common/form-actions.ts:22:12:
      22 │   imports: [AsyncPipe, JsonPipe],
         ╵             ~~~~~~~~~


▲ [WARNING] NG8113: TooltipContainer is not used within the template of AppLayoutComponent [plugin angular-compiler]

    src/app/layout/app-layout.ts:13:58:
      13 │ ...tlet, RootNavComponent, TooltipContainer, ThemeToggleComponent,...
         ╵                            ~~~~~~~~~~~~~~~~


▲ [WARNING] NG8113: FormExamplePageComponent is not used within the template of AppLayoutComponent [plugin angular-compiler]

    src/app/layout/app-layout.ts:13:98:
      13 │ ...ThemeToggleComponent, FormExamplePageComponent, NgOptimizedImage],
         ╵                          ~~~~~~~~~~~~~~~~~~~~~~~~


▲ [WARNING] NG8113: Calendar is not used within the template of DatepickerPageComponent [plugin angular-compiler]

    src/app/pages/datepicker/datepicker.ts:12:4:
      12 │     Calendar,
         ╵     ~~~~~~~~


▲ [WARNING] NG8113: MultipleSelect is not used within the template of DatepickerPageComponent [plugin angular-compiler]

    src/app/pages/datepicker/datepicker.ts:15:4:
      15 │     MultipleSelect
         ╵     ~~~~~~~~~~~~~~


▲ [WARNING] NG8113: PopoverTrigger is not used within the template of DialogPageComponent [plugin angular-compiler]

    src/app/pages/dialog-page/dialog-page.ts:11:4:
      11 │     PopoverTrigger,
         ╵     ~~~~~~~~~~~~~~


▲ [WARNING] NG8113: Popover is not used within the template of DialogPageComponent [plugin angular-compiler]

    src/app/pages/dialog-page/dialog-page.ts:12:4:
      12 │     Popover,
         ╵     ~~~~~~~


▲ [WARNING] NG8113: RouterLink is not used within the template of DialogPageComponent [plugin angular-compiler]

    src/app/pages/dialog-page/dialog-page.ts:13:4:
      13 │     RouterLink,
         ╵     ~~~~~~~~~~


▲ [WARNING] NG8113: FiboDialog is not used within the template of DialogPageComponent [plugin angular-compiler]

    src/app/pages/dialog-page/dialog-page.ts:14:4:
      14 │     FiboDialog,
         ╵     ~~~~~~~~~~


▲ [WARNING] NG8113: SelectPageComponent is not used within the template of DialogPageComponent [plugin angular-compiler]

    src/app/pages/dialog-page/dialog-page.ts:15:4:
      15 │     SelectPageComponent,
         ╵     ~~~~~~~~~~~~~~~~~~~


▲ [WARNING] NG8113: JsonPipe is not used within the template of DialogPageComponent [plugin angular-compiler]

    src/app/pages/dialog-page/dialog-page.ts:16:4:
      16 │     JsonPipe,
         ╵     ~~~~~~~~


▲ [WARNING] NG8107: The left side of this optional chain operation does not include 'null' or 'undefined' in its type, therefore the '?.' operator can be replaced with the '.' operator. [plugin angular-compiler]

    src/app/pages/listbox/listbox-page.html:42:51:
      42 │ ...       Selected: {{ multipleSelectionValue()?.length || 0 }} items
         ╵                                                  ~~~~~~

  Warning occurs in the template of component ListboxPageComponent.

    src/app/pages/listbox/listbox-page.ts:16:15:
      16 │   templateUrl: './listbox-page.html',
         ╵                ~~~~~~~~~~~~~~~~~~~~~


▲ [WARNING] NG8113: SingleSelectionModel is not used within the template of MenuPageComponent [plugin angular-compiler]

    src/app/pages/menu/menu-page.ts:19:4:
      19 │     SingleSelectionModel
         ╵     ~~~~~~~~~~~~~~~~~~~~


▲ [WARNING] NG8113: DemoCodeDirective is not used within the template of UsageDemoComponent [plugin angular-compiler]

    src/app/pages/select/content/usage-demo.ts:9:26:
      9 │   imports: [CommonModule, DemoCodeDirective],
        ╵                           ~~~~~~~~~~~~~~~~~


✘ [ERROR] No loader is configured for ".html" files: src/app/pages/select/content/basic-select-example.code.html?raw

    src/app/pages/select/content/basic-select-example.ts:7:21:
      7 │ import codeHtml from './basic-select-example.code.html?raw';
        ╵                      ~~~~~~~~~~~~~~~~~~~~~~~~~~~~~~~~~~~~~~


